<?xml version="1.0" encoding="UTF-8"?>
<!-- Generated by org.testng.reporters.JUnitReportReporter -->
<testsuite hostname="DESKTOP-N2PRSIL" failures="0" tests="3" name="testCases.TC_001CreateCAS" time="10.171" errors="0" timestamp="2025-03-10T16:12:25 IST" skipped="0">
  <testcase classname="testCases.TC_001CreateCAS" name="LoginDetails" time="1.085"/>
  <testcase classname="testCases.TC_001CreateCAS" name="NavigateToCreateCASExperiencePage" time="4.088"/>
  <testcase classname="testCases.TC_001CreateCAS" name="CreateCASExperience" time="4.998"/>
</testsuite> <!-- testCases.TC_001CreateCAS -->
