<?xml version="1.0" encoding="UTF-8"?>
<!-- Generated by org.testng.reporters.JUnitReportReporter -->
<testsuite hostname="DESKTOP-N2PRSIL" failures="0" tests="1" name="testCases.TC_001MySchoolOneLogin" time="0.414" errors="0" timestamp="2025-02-26T11:41:42 IST" skipped="0">
  <testcase classname="testCases.TC_001MySchoolOneLogin" name="LoginDetails" time="0.414"/>
</testsuite> <!-- testCases.TC_001MySchoolOneLogin -->
