<?xml version="1.0" encoding="UTF-8"?>
<!-- Generated by org.testng.reporters.JUnitReportReporter -->
<testsuite hostname="DESKTOP-N2PRSIL" failures="0" tests="3" name="testCases.TC_004PersonalProject" time="7.640" errors="0" timestamp="2025-03-10T16:12:25 IST" skipped="0">
  <testcase classname="testCases.TC_004PersonalProject" name="LoginDetails" time="0.367"/>
  <testcase classname="testCases.TC_004PersonalProject" name="NavigateToPersonalProjectPage" time="4.294"/>
  <testcase classname="testCases.TC_004PersonalProject" name="CreatePersonalProject" time="2.979"/>
</testsuite> <!-- testCases.TC_004PersonalProject -->
