<?xml version="1.0" encoding="UTF-8"?>
<!-- Generated by org.testng.reporters.JUnitReportReporter -->
<testsuite hostname="DESKTOP-N2PRSIL" failures="0" tests="3" name="testCases.TC_003TOKExhibition" time="10.271" errors="0" timestamp="2025-03-10T16:12:25 IST" skipped="0">
  <testcase classname="testCases.TC_003TOKExhibition" name="LoginDetails" time="0.621"/>
  <testcase classname="testCases.TC_003TOKExhibition" name="NavigateToTokExhibitonpage" time="4.008"/>
  <testcase classname="testCases.TC_003TOKExhibition" name="SelectTheTokExhibition" time="5.642"/>
</testsuite> <!-- testCases.TC_003TOKExhibition -->
