<?xml version="1.0" encoding="UTF-8"?>
<!-- Generated by org.testng.reporters.JUnitReportReporter -->
<testsuite hostname="DESKTOP-N2PRSIL" failures="0" tests="3" name="testCases.TC_002CreateSAS" time="9.486" errors="0" timestamp="2025-03-10T16:12:25 IST" skipped="0">
  <testcase classname="testCases.TC_002CreateSAS" name="LoginDetails" time="0.537"/>
  <testcase classname="testCases.TC_002CreateSAS" name="NavigateToSASpage" time="4.001"/>
  <testcase classname="testCases.TC_002CreateSAS" name="CreateSASExperience" time="4.948"/>
</testsuite> <!-- testCases.TC_002CreateSAS -->
