<?xml version="1.0" encoding="UTF-8"?>
<!-- Generated by org.testng.reporters.JUnitReportReporter -->
<testsuite hostname="DESKTOP-N2PRSIL" failures="0" tests="3" name="testCases.TC_002CreateCAS" time="10.470" errors="0" timestamp="2025-03-03T15:45:24 IST" skipped="0">
  <testcase classname="testCases.TC_002CreateCAS" name="LoginDetails" time="0.498"/>
  <testcase classname="testCases.TC_002CreateCAS" name="NavigateToCreateCASExperiencePage" time="3.803"/>
  <testcase classname="testCases.TC_002CreateCAS" name="CreateCASExperience" time="6.169"/>
</testsuite> <!-- testCases.TC_002CreateCAS -->
